execve("./server", ["./server"], 0x7fffe5de1e80 /* 64 vars */) = 0
brk(NULL)                               = 0x55816dcaa000
arch_prctl(0x3001 /* ARCH_??? */, 0x7ffd371232f0) = -1 EINVAL (Invalid argument)
access("/etc/ld.so.preload", R_OK)      = -1 ENOENT (No such file or directory)
openat(AT_FDCWD, "/etc/ld.so.cache", O_RDONLY|O_CLOEXEC) = 3
newfstatat(3, "", {st_mode=S_IFREG|0644, st_size=188627, ...}, AT_EMPTY_PATH) = 0
mmap(NULL, 188627, PROT_READ, MAP_PRIVATE, 3, 0) = 0x7f5b4aadd000
close(3)                                = 0
openat(AT_FDCWD, "/usr/lib/libstdc++.so.6", O_RDONLY|O_CLOEXEC) = 3
read(3, "\177ELF\2\1\1\3\0\0\0\0\0\0\0\0\3\0>\0\1\0\0\0\0\0\0\0\0\0\0\0"..., 832) = 832
pread64(3, "\4\0\0\0\24\0\0\0\3\0\0\0GNU\0\210\255N\377\201\240\fhJ\277\340\370c\350t4"..., 36, 800) = 36
newfstatat(3, "", {st_mode=S_IFREG|0755, st_size=18844016, ...}, AT_EMPTY_PATH) = 0
mmap(NULL, 8192, PROT_READ|PROT_WRITE, MAP_PRIVATE|MAP_ANONYMOUS, -1, 0) = 0x7f5b4aadb000
mmap(NULL, 2250816, PROT_READ, MAP_PRIVATE|MAP_DENYWRITE, 3, 0) = 0x7f5b4a8b5000
mprotect(0x7f5b4a94e000, 1556480, PROT_NONE) = 0
mmap(0x7f5b4a94e000, 1085440, PROT_READ|PROT_EXEC, MAP_PRIVATE|MAP_FIXED|MAP_DENYWRITE, 3, 0x99000) = 0x7f5b4a94e000
mmap(0x7f5b4aa57000, 466944, PROT_READ, MAP_PRIVATE|MAP_FIXED|MAP_DENYWRITE, 3, 0x1a2000) = 0x7f5b4aa57000
mmap(0x7f5b4aaca000, 57344, PROT_READ|PROT_WRITE, MAP_PRIVATE|MAP_FIXED|MAP_DENYWRITE, 3, 0x214000) = 0x7f5b4aaca000
mmap(0x7f5b4aad8000, 10304, PROT_READ|PROT_WRITE, MAP_PRIVATE|MAP_FIXED|MAP_ANONYMOUS, -1, 0) = 0x7f5b4aad8000
close(3)                                = 0
openat(AT_FDCWD, "/usr/lib/libm.so.6", O_RDONLY|O_CLOEXEC) = 3
read(3, "\177ELF\2\1\1\3\0\0\0\0\0\0\0\0\3\0>\0\1\0\0\0\0\0\0\0\0\0\0\0"..., 832) = 832
newfstatat(3, "", {st_mode=S_IFREG|0755, st_size=1061880, ...}, AT_EMPTY_PATH) = 0
mmap(NULL, 946752, PROT_READ, MAP_PRIVATE|MAP_DENYWRITE, 3, 0) = 0x7f5b4a7cd000
mmap(0x7f5b4a7dd000, 499712, PROT_READ|PROT_EXEC, MAP_PRIVATE|MAP_FIXED|MAP_DENYWRITE, 3, 0x10000) = 0x7f5b4a7dd000
mmap(0x7f5b4a857000, 376832, PROT_READ, MAP_PRIVATE|MAP_FIXED|MAP_DENYWRITE, 3, 0x8a000) = 0x7f5b4a857000
mmap(0x7f5b4a8b3000, 8192, PROT_READ|PROT_WRITE, MAP_PRIVATE|MAP_FIXED|MAP_DENYWRITE, 3, 0xe5000) = 0x7f5b4a8b3000
close(3)                                = 0
openat(AT_FDCWD, "/usr/lib/libgcc_s.so.1", O_RDONLY|O_CLOEXEC) = 3
read(3, "\177ELF\2\1\1\0\0\0\0\0\0\0\0\0\3\0>\0\1\0\0\0\0\0\0\0\0\0\0\0"..., 832) = 832
newfstatat(3, "", {st_mode=S_IFREG|0644, st_size=478272, ...}, AT_EMPTY_PATH) = 0
mmap(NULL, 107240, PROT_READ, MAP_PRIVATE|MAP_DENYWRITE, 3, 0) = 0x7f5b4a7b2000
mprotect(0x7f5b4a7b5000, 90112, PROT_NONE) = 0
mmap(0x7f5b4a7b5000, 73728, PROT_READ|PROT_EXEC, MAP_PRIVATE|MAP_FIXED|MAP_DENYWRITE, 3, 0x3000) = 0x7f5b4a7b5000
mmap(0x7f5b4a7c7000, 12288, PROT_READ, MAP_PRIVATE|MAP_FIXED|MAP_DENYWRITE, 3, 0x15000) = 0x7f5b4a7c7000
mmap(0x7f5b4a7cb000, 8192, PROT_READ|PROT_WRITE, MAP_PRIVATE|MAP_FIXED|MAP_DENYWRITE, 3, 0x18000) = 0x7f5b4a7cb000
close(3)                                = 0
openat(AT_FDCWD, "/usr/lib/libc.so.6", O_RDONLY|O_CLOEXEC) = 3
read(3, "\177ELF\2\1\1\3\0\0\0\0\0\0\0\0\3\0>\0\1\0\0\0\320\324\2\0\0\0\0\0"..., 832) = 832
pread64(3, "\6\0\0\0\4\0\0\0@\0\0\0\0\0\0\0@\0\0\0\0\0\0\0@\0\0\0\0\0\0\0"..., 784, 64) = 784
pread64(3, "\4\0\0\0@\0\0\0\5\0\0\0GNU\0\2\0\0\300\4\0\0\0\3\0\0\0\0\0\0\0"..., 80, 848) = 80
pread64(3, "\4\0\0\0\24\0\0\0\3\0\0\0GNU\0\205vn\235\204X\261n\234|\346\340|q,\2"..., 68, 928) = 68
newfstatat(3, "", {st_mode=S_IFREG|0755, st_size=2463384, ...}, AT_EMPTY_PATH) = 0
pread64(3, "\6\0\0\0\4\0\0\0@\0\0\0\0\0\0\0@\0\0\0\0\0\0\0@\0\0\0\0\0\0\0"..., 784, 64) = 784
mmap(NULL, 2136752, PROT_READ, MAP_PRIVATE|MAP_DENYWRITE, 3, 0) = 0x7f5b4a5a8000
mprotect(0x7f5b4a5d4000, 1880064, PROT_NONE) = 0
mmap(0x7f5b4a5d4000, 1531904, PROT_READ|PROT_EXEC, MAP_PRIVATE|MAP_FIXED|MAP_DENYWRITE, 3, 0x2c000) = 0x7f5b4a5d4000
mmap(0x7f5b4a74a000, 344064, PROT_READ, MAP_PRIVATE|MAP_FIXED|MAP_DENYWRITE, 3, 0x1a2000) = 0x7f5b4a74a000
mmap(0x7f5b4a79f000, 24576, PROT_READ|PROT_WRITE, MAP_PRIVATE|MAP_FIXED|MAP_DENYWRITE, 3, 0x1f6000) = 0x7f5b4a79f000
mmap(0x7f5b4a7a5000, 51888, PROT_READ|PROT_WRITE, MAP_PRIVATE|MAP_FIXED|MAP_ANONYMOUS, -1, 0) = 0x7f5b4a7a5000
close(3)                                = 0
mmap(NULL, 8192, PROT_READ|PROT_WRITE, MAP_PRIVATE|MAP_ANONYMOUS, -1, 0) = 0x7f5b4a5a6000
arch_prctl(ARCH_SET_FS, 0x7f5b4a5a71c0) = 0
set_tid_address(0x7f5b4a5a7490)         = 125713
set_robust_list(0x7f5b4a5a74a0, 24)     = 0
rseq(0x7f5b4a5a7b60, 0x20, 0, 0x53053053) = 0
mprotect(0x7f5b4a79f000, 12288, PROT_READ) = 0
mprotect(0x7f5b4a7cb000, 4096, PROT_READ) = 0
mprotect(0x7f5b4a8b3000, 4096, PROT_READ) = 0
mmap(NULL, 8192, PROT_READ|PROT_WRITE, MAP_PRIVATE|MAP_ANONYMOUS, -1, 0) = 0x7f5b4a5a4000
mprotect(0x7f5b4aaca000, 53248, PROT_READ) = 0
mprotect(0x55816c27f000, 4096, PROT_READ) = 0
mprotect(0x7f5b4ab41000, 8192, PROT_READ) = 0
prlimit64(0, RLIMIT_STACK, NULL, {rlim_cur=8192*1024, rlim_max=RLIM64_INFINITY}) = 0
munmap(0x7f5b4aadd000, 188627)          = 0
getrandom("\x53\x53\x04\x2a\x03\x65\x7b\x7c", 8, GRND_NONBLOCK) = 8
brk(NULL)                               = 0x55816dcaa000
brk(0x55816dccb000)                     = 0x55816dccb000
futex(0x7f5b4aad86bc, FUTEX_WAKE_PRIVATE, 2147483647) = 0
futex(0x7f5b4aad86c8, FUTEX_WAKE_PRIVATE, 2147483647) = 0
socket(AF_INET, SOCK_STREAM, IPPROTO_TCP) = 3
bind(3, {sa_family=AF_INET, sin_port=htons(12345), sin_addr=inet_addr("0.0.0.0")}, 16) = 0
listen(3, 4096)                         = 0
accept(3, NULL, NULLstrace: Process 125713 detached
 <detached ...>
